01-25 08:53:05 com_github_MitjaNemec_PlaceFootprints.action_place_footprints 641:Plugin executed on: 'darwin'
01-25 08:53:05 com_github_MitjaNemec_PlaceFootprints.action_place_footprints 642:Plugin executed with python version: '3.9.13 (v3.9.13:6de2ca5339, May 17 2022, 11:37:23) \n[Clang 13.0.0 (clang-1300.0.29.30)]'
01-25 08:53:05 com_github_MitjaNemec_PlaceFootprints.action_place_footprints 643:KiCad build version: 7.0.10
01-25 08:53:05 com_github_MitjaNemec_PlaceFootprints.action_place_footprints 644:Plugin version: 2.1.2
01-25 08:53:05 com_github_MitjaNemec_PlaceFootprints.action_place_footprints 645:Frame repr: <wx._core.Frame object at 0x285928550>
01-25 08:53:05 com_github_MitjaNemec_PlaceFootprints.place_footprints 121:getting a list of all footprints on board
01-25 08:53:05 com_github_MitjaNemec_PlaceFootprints.place_footprints 156:Footprint USBC2 on root level
01-25 08:53:05 com_github_MitjaNemec_PlaceFootprints.place_footprints 156:Footprint USBC1 on root level
01-25 08:53:05 com_github_MitjaNemec_PlaceFootprints.place_footprints 156:Footprint R25 on root level
01-25 08:53:05 com_github_MitjaNemec_PlaceFootprints.place_footprints 156:Footprint R24 on root level
01-25 08:53:05 com_github_MitjaNemec_PlaceFootprints.place_footprints 156:Footprint R23 on root level
01-25 08:53:05 com_github_MitjaNemec_PlaceFootprints.place_footprints 156:Footprint R22 on root level
01-25 08:53:05 com_github_MitjaNemec_PlaceFootprints.place_footprints 156:Footprint R21 on root level
01-25 08:53:05 com_github_MitjaNemec_PlaceFootprints.place_footprints 156:Footprint R20 on root level
01-25 08:53:05 com_github_MitjaNemec_PlaceFootprints.place_footprints 156:Footprint R19 on root level
01-25 08:53:05 com_github_MitjaNemec_PlaceFootprints.place_footprints 156:Footprint R18 on root level
01-25 08:53:05 com_github_MitjaNemec_PlaceFootprints.place_footprints 156:Footprint R17 on root level
01-25 08:53:05 com_github_MitjaNemec_PlaceFootprints.place_footprints 156:Footprint R16 on root level
01-25 08:53:05 com_github_MitjaNemec_PlaceFootprints.place_footprints 156:Footprint R15 on root level
01-25 08:53:05 com_github_MitjaNemec_PlaceFootprints.place_footprints 156:Footprint R14 on root level
01-25 08:53:05 com_github_MitjaNemec_PlaceFootprints.place_footprints 156:Footprint R13 on root level
01-25 08:53:05 com_github_MitjaNemec_PlaceFootprints.place_footprints 156:Footprint R12 on root level
01-25 08:53:05 com_github_MitjaNemec_PlaceFootprints.place_footprints 156:Footprint R11 on root level
01-25 08:53:05 com_github_MitjaNemec_PlaceFootprints.place_footprints 156:Footprint R10 on root level
01-25 08:53:05 com_github_MitjaNemec_PlaceFootprints.place_footprints 156:Footprint R9 on root level
01-25 08:53:05 com_github_MitjaNemec_PlaceFootprints.place_footprints 156:Footprint R8 on root level
01-25 08:53:05 com_github_MitjaNemec_PlaceFootprints.place_footprints 156:Footprint R7 on root level
01-25 08:53:05 com_github_MitjaNemec_PlaceFootprints.place_footprints 156:Footprint R6 on root level
01-25 08:53:05 com_github_MitjaNemec_PlaceFootprints.place_footprints 156:Footprint R5 on root level
01-25 08:53:05 com_github_MitjaNemec_PlaceFootprints.place_footprints 156:Footprint R4 on root level
01-25 08:53:05 com_github_MitjaNemec_PlaceFootprints.place_footprints 156:Footprint R3 on root level
01-25 08:53:05 com_github_MitjaNemec_PlaceFootprints.place_footprints 156:Footprint R2 on root level
01-25 08:53:05 com_github_MitjaNemec_PlaceFootprints.place_footprints 156:Footprint R1 on root level
01-25 08:53:05 com_github_MitjaNemec_PlaceFootprints.place_footprints 156:Footprint D25 on root level
01-25 08:53:05 com_github_MitjaNemec_PlaceFootprints.place_footprints 156:Footprint A12 on root level
01-25 08:53:05 com_github_MitjaNemec_PlaceFootprints.place_footprints 156:Footprint A11 on root level
01-25 08:53:05 com_github_MitjaNemec_PlaceFootprints.place_footprints 156:Footprint A10 on root level
01-25 08:53:05 com_github_MitjaNemec_PlaceFootprints.place_footprints 156:Footprint A9 on root level
01-25 08:53:05 com_github_MitjaNemec_PlaceFootprints.place_footprints 156:Footprint A8 on root level
01-25 08:53:05 com_github_MitjaNemec_PlaceFootprints.place_footprints 156:Footprint A7 on root level
01-25 08:53:05 com_github_MitjaNemec_PlaceFootprints.place_footprints 156:Footprint A6 on root level
01-25 08:53:05 com_github_MitjaNemec_PlaceFootprints.place_footprints 156:Footprint A5 on root level
01-25 08:53:05 com_github_MitjaNemec_PlaceFootprints.place_footprints 156:Footprint A4 on root level
01-25 08:53:05 com_github_MitjaNemec_PlaceFootprints.place_footprints 156:Footprint A3 on root level
01-25 08:53:05 com_github_MitjaNemec_PlaceFootprints.place_footprints 156:Footprint A2 on root level
01-25 08:53:05 com_github_MitjaNemec_PlaceFootprints.place_footprints 156:Footprint A1 on root level
01-25 08:53:05 com_github_MitjaNemec_PlaceFootprints.place_footprints 156:Footprint B12 on root level
01-25 08:53:05 com_github_MitjaNemec_PlaceFootprints.place_footprints 156:Footprint B11 on root level
01-25 08:53:05 com_github_MitjaNemec_PlaceFootprints.place_footprints 156:Footprint B10 on root level
01-25 08:53:05 com_github_MitjaNemec_PlaceFootprints.place_footprints 156:Footprint B9 on root level
01-25 08:53:05 com_github_MitjaNemec_PlaceFootprints.place_footprints 156:Footprint B8 on root level
01-25 08:53:05 com_github_MitjaNemec_PlaceFootprints.place_footprints 156:Footprint B7 on root level
01-25 08:53:05 com_github_MitjaNemec_PlaceFootprints.place_footprints 156:Footprint B6 on root level
01-25 08:53:05 com_github_MitjaNemec_PlaceFootprints.place_footprints 156:Footprint B5 on root level
01-25 08:53:05 com_github_MitjaNemec_PlaceFootprints.place_footprints 156:Footprint B4 on root level
01-25 08:53:05 com_github_MitjaNemec_PlaceFootprints.place_footprints 156:Footprint B3 on root level
01-25 08:53:05 com_github_MitjaNemec_PlaceFootprints.place_footprints 156:Footprint B2 on root level
01-25 08:53:05 com_github_MitjaNemec_PlaceFootprints.place_footprints 156:Footprint B1 on root level
01-25 08:53:05 com_github_MitjaNemec_PlaceFootprints.place_footprints 156:Footprint BT2 on root level
01-25 08:53:06 com_github_MitjaNemec_PlaceFootprints.action_place_footprints 824:Reference designator is: R
01-25 08:53:06 com_github_MitjaNemec_PlaceFootprints.action_place_footprints 825:Reference number is: 13
01-25 08:53:06 com_github_MitjaNemec_PlaceFootprints.action_place_footprints 857:Sorted and filtered list:
['R1', 'R2', 'R3', 'R4', 'R5', 'R6', 'R7', 'R8', 'R9', 'R10', 'R11', 'R12', 'R13', 'R14', 'R15', 'R16', 'R17', 'R18', 'R19', 'R20', 'R21', 'R22', 'R23', 'R24', 'R25']
01-25 08:53:06 com_github_MitjaNemec_PlaceFootprints.action_place_footprints 358:wx.Colour(231, 231, 231, 255)
01-25 08:53:14 com_github_MitjaNemec_PlaceFootprints.action_place_footprints 489:'3'
01-25 08:53:14 com_github_MitjaNemec_PlaceFootprints.action_place_footprints 895:Footprints to place:
['R13', 'R14', 'R15', 'R16', 'R17', 'R18', 'R19', 'R20', 'R21', 'R22', 'R23', 'R24']
01-25 08:53:14 com_github_MitjaNemec_PlaceFootprints.place_footprints 367:Starting placing with linear layout
01-25 08:53:14 com_github_MitjaNemec_PlaceFootprints.action_place_footprints 936:Placing complete
